f:\workspace_visual_studio\oop\lab24\lab24\debug\vc140.pdb
f:\workspace_visual_studio\oop\lab24\lab24\debug\vc140.idb
f:\workspace_visual_studio\oop\lab24\lab24\debug\controller.obj
f:\workspace_visual_studio\oop\lab24\lab24\debug\entities.obj
f:\workspace_visual_studio\oop\lab24\lab24\debug\validator.obj
f:\workspace_visual_studio\oop\lab24\lab24\debug\main.obj
f:\workspace_visual_studio\oop\lab24\lab24\debug\repository.obj
f:\workspace_visual_studio\oop\lab24\lab24\debug\test_validator.obj
f:\workspace_visual_studio\oop\lab24\lab24\debug\test_repository.obj
f:\workspace_visual_studio\oop\lab24\lab24\debug\tests.obj
f:\workspace_visual_studio\oop\lab24\lab24\debug\test_iterator.obj
f:\workspace_visual_studio\oop\lab24\lab24\debug\test_vector.obj
f:\workspace_visual_studio\oop\lab24\lab24\debug\console.obj
f:\workspace_visual_studio\oop\lab24\lab24\debug\operation.obj
f:\workspace_visual_studio\oop\lab24\lab24\debug\stack.obj
f:\workspace_visual_studio\oop\lab24\lab24\debug\iterator.obj
f:\workspace_visual_studio\oop\lab24\lab24\debug\vector.obj
f:\workspace_visual_studio\oop\lab24\debug\lab24.ilk
f:\workspace_visual_studio\oop\lab24\debug\lab24.exe
f:\workspace_visual_studio\oop\lab24\debug\lab24.pdb
f:\workspace_visual_studio\oop\lab24\lab24\debug\lab24.tlog\cl.command.1.tlog
f:\workspace_visual_studio\oop\lab24\lab24\debug\lab24.tlog\cl.read.1.tlog
f:\workspace_visual_studio\oop\lab24\lab24\debug\lab24.tlog\cl.write.1.tlog
f:\workspace_visual_studio\oop\lab24\lab24\debug\lab24.tlog\link.command.1.tlog
f:\workspace_visual_studio\oop\lab24\lab24\debug\lab24.tlog\link.read.1.tlog
f:\workspace_visual_studio\oop\lab24\lab24\debug\lab24.tlog\link.write.1.tlog
